<?xml version="1.0" encoding="UTF-8"?>
<testng-results ignored="0" total="1" passed="1" failed="0" skipped="0">
  <reporter-output>
  </reporter-output>
  <suite started-at="2022-09-04T17:27:13 IST" name="Default suite" finished-at="2022-09-04T17:27:16 IST" duration-ms="3192">
    <groups>
    </groups>
    <test started-at="2022-09-04T17:27:13 IST" name="Default test" finished-at="2022-09-04T17:27:16 IST" duration-ms="3192">
      <class name="com.jenkinsDummy.loginvtiger.LoginVtigerTest">
        <test-method signature="loginvtigerTest()[pri:0, instance:com.jenkinsDummy.loginvtiger.LoginVtigerTest@3ee37e5a]" started-at="2022-09-04T17:27:13 IST" name="loginvtigerTest" finished-at="2022-09-04T17:27:16 IST" duration-ms="3150" status="PASS">
          <reporter-output>
          </reporter-output>
        </test-method> <!-- loginvtigerTest -->
      </class> <!-- com.jenkinsDummy.loginvtiger.LoginVtigerTest -->
    </test> <!-- Default test -->
  </suite> <!-- Default suite -->
</testng-results>
